Exports/unityLibrary/build/intermediates/manifest_merge_blame_file/debug/manifest-merger-blame-debug-report.txt
1<?xml version="1.0" encoding="utf-8"?>
2<!-- GENERATED BY UNITY. REMOVE THIS COMMENT TO PREVENT OVERWRITING WHEN EXPORTING AGAIN -->
3<manifest xmlns:android="http://schemas.android.com/apk/res/android"
4    xmlns:tools="http://schemas.android.com/tools"
5    package="com.unity3d.player"
6    android:versionCode="1"
7    android:versionName="0.1" >
8
9    <uses-sdk
10        android:minSdkVersion="19"
10-->src\main\AndroidManifest.xml
11        android:targetSdkVersion="28" />
11-->src\main\AndroidManifest.xml
12
13    <uses-permission android:name="android.permission.FOREGROUND_SERVICE" />
13-->src\main\AndroidManifest.xml:4:3-75
13-->src\main\AndroidManifest.xml:4:20-72
14
15    <uses-feature android:glEsVersion="0x00030000" />
15-->src\main\AndroidManifest.xml:22:3-52
15-->src\main\AndroidManifest.xml:22:17-49
16    <uses-feature
16-->src\main\AndroidManifest.xml:23:3-91
17        android:name="android.hardware.vulkan.version"
17-->src\main\AndroidManifest.xml:23:17-63
18        android:required="false" />
18-->src\main\AndroidManifest.xml:23:64-88
19    <uses-feature
19-->src\main\AndroidManifest.xml:24:3-97
20        android:name="android.hardware.sensor.accelerometer"
20-->src\main\AndroidManifest.xml:24:17-69
21        android:required="false" />
21-->src\main\AndroidManifest.xml:24:70-94
22    <uses-feature
22-->src\main\AndroidManifest.xml:25:3-88
23        android:name="android.hardware.touchscreen"
23-->src\main\AndroidManifest.xml:25:17-60
24        android:required="false" />
24-->src\main\AndroidManifest.xml:25:61-85
25    <uses-feature
25-->src\main\AndroidManifest.xml:26:3-99
26        android:name="android.hardware.touchscreen.multitouch"
26-->src\main\AndroidManifest.xml:26:17-71
27        android:required="false" />
27-->src\main\AndroidManifest.xml:26:72-96
28    <uses-feature
28-->src\main\AndroidManifest.xml:27:3-108
29        android:name="android.hardware.touchscreen.multitouch.distinct"
29-->src\main\AndroidManifest.xml:27:17-80
30        android:required="false" />
30-->src\main\AndroidManifest.xml:27:81-105
31
32    <application>
32-->src\main\AndroidManifest.xml:5:3-21:17
33        <activity
33-->src\main\AndroidManifest.xml:6:5-14:16
34            android:name="com.unity3d.player.UnityPlayerActivity"
34-->src\main\AndroidManifest.xml:6:15-68
35            android:configChanges="mcc|mnc|locale|touchscreen|keyboard|keyboardHidden|navigation|orientation|screenLayout|uiMode|screenSize|smallestScreenSize|fontScale|layoutDirection|density"
35-->src\main\AndroidManifest.xml:6:180-361
36            android:hardwareAccelerated="false"
36-->src\main\AndroidManifest.xml:6:362-397
37            android:launchMode="singleTask"
37-->src\main\AndroidManifest.xml:6:148-179
38            android:screenOrientation="portrait"
38-->src\main\AndroidManifest.xml:6:111-147
39            android:theme="@style/UnityThemeSelector" >
39-->src\main\AndroidManifest.xml:6:69-110
40            <intent-filter>
40-->src\main\AndroidManifest.xml:7:7-10:23
41                <action android:name="android.intent.action.MAIN" />
41-->src\main\AndroidManifest.xml:8:9-61
41-->src\main\AndroidManifest.xml:8:17-58
42
43                <category android:name="android.intent.category.LAUNCHER" />
43-->src\main\AndroidManifest.xml:9:9-69
43-->src\main\AndroidManifest.xml:9:19-66
44            </intent-filter>
45
46            <meta-data
46-->src\main\AndroidManifest.xml:11:7-82
47                android:name="unityplayer.UnityActivity"
47-->src\main\AndroidManifest.xml:11:18-58
48                android:value="true" />
48-->src\main\AndroidManifest.xml:11:59-79
49            <meta-data
49-->src\main\AndroidManifest.xml:12:7-78
50                android:name="android.notch_support"
50-->src\main\AndroidManifest.xml:12:18-54
51                android:value="true" />
51-->src\main\AndroidManifest.xml:12:55-75
52            <meta-data
52-->src\main\AndroidManifest.xml:12:7-78
53                android:name="android.notch_support"
53-->src\main\AndroidManifest.xml:12:18-54
54                android:value="true" />
54-->src\main\AndroidManifest.xml:12:55-75
55        </activity>
56
57        <meta-data
57-->src\main\AndroidManifest.xml:15:5-69
58            android:name="unity.splash-mode"
58-->src\main\AndroidManifest.xml:15:16-48
59            android:value="0" />
59-->src\main\AndroidManifest.xml:15:49-66
60        <meta-data
60-->src\main\AndroidManifest.xml:16:5-74
61            android:name="unity.splash-enable"
61-->src\main\AndroidManifest.xml:16:16-50
62            android:value="True" />
62-->src\main\AndroidManifest.xml:16:51-71
63        <meta-data
63-->src\main\AndroidManifest.xml:17:5-81
64            android:name="notch.config"
64-->src\main\AndroidManifest.xml:17:16-43
65            android:value="portrait|landscape" />
65-->src\main\AndroidManifest.xml:17:44-78
66        <meta-data
66-->src\main\AndroidManifest.xml:18:5-101
67            android:name="unity.build-id"
67-->src\main\AndroidManifest.xml:18:16-45
68            android:value="5eeaa98d-0d0f-486b-b955-8c350ef4a54e" />
68-->src\main\AndroidManifest.xml:18:46-98
69
70        <service
70-->src\main\AndroidManifest.xml:19:5-116
71            android:name="com.example.bgcountlibrary.MyService"
71-->src\main\AndroidManifest.xml:19:14-65
72            android:enabled="true"
72-->src\main\AndroidManifest.xml:19:66-88
73            android:exported="false" />
73-->src\main\AndroidManifest.xml:19:89-113
74
75        <receiver android:name="com.example.bgcountlibrary.ResponseBroadcastReceiver" />
75-->src\main\AndroidManifest.xml:20:5-85
75-->src\main\AndroidManifest.xml:20:15-82
76    </application>
77
78</manifest>